
14:15:28 : string(17) "get_currency_list"

19:14:56 : string(27) "get_currency_list is called"

19:15:47 : string(27) "get_currency_list is called"

19:17:08 : string(28) "get_converted_currency_value"

19:18:31 : string(28) "get_converted_currency_value"

19:19:06 : string(28) "get_converted_currency_value"

19:21:14 : string(28) "get_converted_currency_value"

19:21:33 : string(28) "get_converted_currency_value"

19:21:45 : string(28) "get_converted_currency_value"

19:22:02 : string(28) "get_converted_currency_value"

19:40:54 : string(28) "get_converted_currency_value"

19:41:00 : string(28) "get_converted_currency_value"

19:41:17 : string(28) "get_converted_currency_value"

19:41:24 : string(28) "get_converted_currency_value"

19:41:32 : string(28) "get_converted_currency_value"

19:41:39 : string(28) "get_converted_currency_value"

19:41:45 : string(28) "get_converted_currency_value"

19:41:50 : string(28) "get_converted_currency_value"

19:42:30 : string(3) "MYR"

19:42:30 : string(3) "USD"

19:42:31 : string(3) "SGD"

19:42:32 : string(28) "get_converted_currency_value"

19:43:20 : string(3) "MYR"

19:43:20 : string(3) "USD"

19:43:21 : string(3) "SGD"

19:43:22 : string(28) "get_converted_currency_value"

19:44:14 : string(28) "get_converted_currency_value"

19:44:23 : string(28) "get_converted_currency_value"

19:46:06 : string(28) "get_converted_currency_value"

19:46:17 : string(28) "get_converted_currency_value"

19:46:25 : string(28) "get_converted_currency_value"

19:49:12 : string(28) "get_converted_currency_value"

19:50:19 : string(28) "get_converted_currency_value"

19:50:28 : string(28) "get_converted_currency_value"

19:50:35 : string(28) "get_converted_currency_value"

